app/build/intermediates/manifest_merge_blame_file/release/manifest-merger-blame-release-report.txt
1<?xml version="1.0" encoding="utf-8"?>
2<manifest xmlns:android="http://schemas.android.com/apk/res/android"
3    package="com.example.jizhang"
4    android:versionCode="1"
5    android:versionName="1.0" >
6
7    <uses-sdk
8        android:minSdkVersion="24"
8-->src\main\AndroidManifest.xml
9        android:targetSdkVersion="33" />
9-->src\main\AndroidManifest.xml
10
11    <!-- 存储权限 -->
12    <uses-permission
12-->src\main\AndroidManifest.xml:5:5-107
13        android:name="android.permission.READ_EXTERNAL_STORAGE"
13-->src\main\AndroidManifest.xml:5:22-77
14        android:maxSdkVersion="32" />
14-->src\main\AndroidManifest.xml:5:78-104
15    <uses-permission
15-->src\main\AndroidManifest.xml:6:5-108
16        android:name="android.permission.WRITE_EXTERNAL_STORAGE"
16-->src\main\AndroidManifest.xml:6:22-78
17        android:maxSdkVersion="32" />
17-->src\main\AndroidManifest.xml:6:79-105
18
19    <!-- Android 13+ 读/写照片和视频的权限 -->
20    <uses-permission android:name="android.permission.READ_MEDIA_IMAGES" />
20-->src\main\AndroidManifest.xml:9:5-76
20-->src\main\AndroidManifest.xml:9:22-73
21    <uses-permission android:name="android.permission.READ_MEDIA_VIDEO" />
21-->src\main\AndroidManifest.xml:10:5-75
21-->src\main\AndroidManifest.xml:10:22-72
22
23    <!-- 存储管理权限 - Android 10+ -->
24    <uses-permission android:name="android.permission.MANAGE_EXTERNAL_STORAGE" />
24-->src\main\AndroidManifest.xml:13:5-82
24-->src\main\AndroidManifest.xml:13:22-79
25
26    <permission
26-->[androidx.core:core:1.9.0] AndroidManifest.xml:22:5-24:47
27        android:name="com.example.jizhang.DYNAMIC_RECEIVER_NOT_EXPORTED_PERMISSION"
27-->[androidx.core:core:1.9.0] AndroidManifest.xml:23:9-81
28        android:protectionLevel="signature" />
28-->[androidx.core:core:1.9.0] AndroidManifest.xml:24:9-44
29
30    <uses-permission android:name="com.example.jizhang.DYNAMIC_RECEIVER_NOT_EXPORTED_PERMISSION" />
30-->[androidx.core:core:1.9.0] AndroidManifest.xml:26:5-97
30-->[androidx.core:core:1.9.0] AndroidManifest.xml:26:22-94
31
32    <application
32-->src\main\AndroidManifest.xml:15:5-66:19
33        android:name="com.example.jizhang.JizhangApplication"
33-->src\main\AndroidManifest.xml:16:9-43
34        android:allowBackup="true"
34-->src\main\AndroidManifest.xml:17:9-35
35        android:appComponentFactory="androidx.core.app.CoreComponentFactory"
35-->[androidx.core:core:1.9.0] AndroidManifest.xml:28:18-86
36        android:extractNativeLibs="false"
37        android:icon="@mipmap/ic_launcher"
37-->src\main\AndroidManifest.xml:18:9-43
38        android:label="@string/app_name"
38-->src\main\AndroidManifest.xml:19:9-41
39        android:requestLegacyExternalStorage="true"
39-->src\main\AndroidManifest.xml:22:9-52
40        android:roundIcon="@mipmap/ic_launcher_round"
40-->src\main\AndroidManifest.xml:20:9-54
41        android:supportsRtl="true"
41-->src\main\AndroidManifest.xml:21:9-35
42        android:theme="@style/Theme.jizhang" >
42-->src\main\AndroidManifest.xml:23:9-45
43        <provider
44            android:name="androidx.core.content.FileProvider"
44-->src\main\AndroidManifest.xml:25:13-62
45            android:authorities="com.example.jizhang.fileprovider"
45-->src\main\AndroidManifest.xml:26:13-64
46            android:exported="false"
46-->src\main\AndroidManifest.xml:27:13-37
47            android:grantUriPermissions="true" >
47-->src\main\AndroidManifest.xml:28:13-47
48            <meta-data
48-->src\main\AndroidManifest.xml:29:13-31:54
49                android:name="android.support.FILE_PROVIDER_PATHS"
49-->src\main\AndroidManifest.xml:30:17-67
50                android:resource="@xml/file_paths" />
50-->src\main\AndroidManifest.xml:31:17-51
51        </provider>
52
53        <activity
53-->src\main\AndroidManifest.xml:33:9-40:20
54            android:name="com.example.jizhang.MainActivity"
54-->src\main\AndroidManifest.xml:34:13-41
55            android:exported="true" >
55-->src\main\AndroidManifest.xml:35:13-36
56            <intent-filter>
56-->src\main\AndroidManifest.xml:36:13-39:29
57                <action android:name="android.intent.action.MAIN" />
57-->src\main\AndroidManifest.xml:37:17-69
57-->src\main\AndroidManifest.xml:37:25-66
58
59                <category android:name="android.intent.category.LAUNCHER" />
59-->src\main\AndroidManifest.xml:38:17-77
59-->src\main\AndroidManifest.xml:38:27-74
60            </intent-filter>
61        </activity>
62        <activity android:name="com.example.jizhang.ui.income.AddIncomeActivity" />
62-->src\main\AndroidManifest.xml:41:9-65
62-->src\main\AndroidManifest.xml:41:19-62
63        <activity android:name="com.example.jizhang.ui.expense.AddExpenseActivity" />
63-->src\main\AndroidManifest.xml:42:9-67
63-->src\main\AndroidManifest.xml:42:19-64
64        <activity android:name="com.example.jizhang.ui.debt.AddDebtActivity" />
64-->src\main\AndroidManifest.xml:43:9-61
64-->src\main\AndroidManifest.xml:43:19-58
65        <activity android:name="com.example.jizhang.ui.stats.StatsActivity" />
65-->src\main\AndroidManifest.xml:44:9-60
65-->src\main\AndroidManifest.xml:44:19-57
66        <activity android:name="com.example.jizhang.ui.settings.SettingsActivity" />
66-->src\main\AndroidManifest.xml:45:9-66
66-->src\main\AndroidManifest.xml:45:19-63
67        <activity
67-->src\main\AndroidManifest.xml:46:9-50:58
68            android:name="com.example.jizhang.ui.expense.ExpenseDetailsActivity"
68-->src\main\AndroidManifest.xml:47:13-62
69            android:exported="false"
69-->src\main\AndroidManifest.xml:48:13-37
70            android:label="@string/expense_details"
70-->src\main\AndroidManifest.xml:49:13-52
71            android:parentActivityName="com.example.jizhang.MainActivity" />
71-->src\main\AndroidManifest.xml:50:13-55
72        <activity
72-->src\main\AndroidManifest.xml:51:9-55:58
73            android:name="com.example.jizhang.ui.income.IncomeDetailsActivity"
73-->src\main\AndroidManifest.xml:52:13-60
74            android:exported="false"
74-->src\main\AndroidManifest.xml:53:13-37
75            android:label="@string/income_details"
75-->src\main\AndroidManifest.xml:54:13-51
76            android:parentActivityName="com.example.jizhang.MainActivity" />
76-->src\main\AndroidManifest.xml:55:13-55
77        <activity
77-->src\main\AndroidManifest.xml:56:9-60:58
78            android:name="com.example.jizhang.ui.debt.DebtDetailsActivity"
78-->src\main\AndroidManifest.xml:57:13-56
79            android:exported="false"
79-->src\main\AndroidManifest.xml:58:13-37
80            android:label="@string/debt_details"
80-->src\main\AndroidManifest.xml:59:13-49
81            android:parentActivityName="com.example.jizhang.MainActivity" />
81-->src\main\AndroidManifest.xml:60:13-55
82        <activity
82-->src\main\AndroidManifest.xml:61:9-65:58
83            android:name="com.example.jizhang.ui.debt.AddDebtRepaymentActivity"
83-->src\main\AndroidManifest.xml:62:13-61
84            android:exported="false"
84-->src\main\AndroidManifest.xml:63:13-37
85            android:label="@string/add_debt_repayment"
85-->src\main\AndroidManifest.xml:64:13-55
86            android:parentActivityName="com.example.jizhang.MainActivity" />
86-->src\main\AndroidManifest.xml:65:13-55
87
88        <provider
88-->[androidx.emoji2:emoji2:1.2.0] AndroidManifest.xml:24:9-32:20
89            android:name="androidx.startup.InitializationProvider"
89-->[androidx.emoji2:emoji2:1.2.0] AndroidManifest.xml:25:13-67
90            android:authorities="com.example.jizhang.androidx-startup"
90-->[androidx.emoji2:emoji2:1.2.0] AndroidManifest.xml:26:13-68
91            android:exported="false" >
91-->[androidx.emoji2:emoji2:1.2.0] AndroidManifest.xml:27:13-37
92            <meta-data
92-->[androidx.emoji2:emoji2:1.2.0] AndroidManifest.xml:29:13-31:52
93                android:name="androidx.emoji2.text.EmojiCompatInitializer"
93-->[androidx.emoji2:emoji2:1.2.0] AndroidManifest.xml:30:17-75
94                android:value="androidx.startup" />
94-->[androidx.emoji2:emoji2:1.2.0] AndroidManifest.xml:31:17-49
95            <meta-data
95-->[androidx.lifecycle:lifecycle-process:2.6.2] AndroidManifest.xml:29:13-31:52
96                android:name="androidx.lifecycle.ProcessLifecycleInitializer"
96-->[androidx.lifecycle:lifecycle-process:2.6.2] AndroidManifest.xml:30:17-78
97                android:value="androidx.startup" />
97-->[androidx.lifecycle:lifecycle-process:2.6.2] AndroidManifest.xml:31:17-49
98            <meta-data
98-->[androidx.profileinstaller:profileinstaller:1.3.0] AndroidManifest.xml:29:13-31:52
99                android:name="androidx.profileinstaller.ProfileInstallerInitializer"
99-->[androidx.profileinstaller:profileinstaller:1.3.0] AndroidManifest.xml:30:17-85
100                android:value="androidx.startup" />
100-->[androidx.profileinstaller:profileinstaller:1.3.0] AndroidManifest.xml:31:17-49
101        </provider>
102
103        <uses-library
103-->[androidx.window:window:1.0.0] AndroidManifest.xml:25:9-27:40
104            android:name="androidx.window.extensions"
104-->[androidx.window:window:1.0.0] AndroidManifest.xml:26:13-54
105            android:required="false" />
105-->[androidx.window:window:1.0.0] AndroidManifest.xml:27:13-37
106        <uses-library
106-->[androidx.window:window:1.0.0] AndroidManifest.xml:28:9-30:40
107            android:name="androidx.window.sidecar"
107-->[androidx.window:window:1.0.0] AndroidManifest.xml:29:13-51
108            android:required="false" />
108-->[androidx.window:window:1.0.0] AndroidManifest.xml:30:13-37
109
110        <service
110-->[androidx.room:room-runtime:2.6.1] AndroidManifest.xml:24:9-28:63
111            android:name="androidx.room.MultiInstanceInvalidationService"
111-->[androidx.room:room-runtime:2.6.1] AndroidManifest.xml:25:13-74
112            android:directBootAware="true"
112-->[androidx.room:room-runtime:2.6.1] AndroidManifest.xml:26:13-43
113            android:exported="false" />
113-->[androidx.room:room-runtime:2.6.1] AndroidManifest.xml:27:13-37
114
115        <receiver
115-->[androidx.profileinstaller:profileinstaller:1.3.0] AndroidManifest.xml:34:9-52:20
116            android:name="androidx.profileinstaller.ProfileInstallReceiver"
116-->[androidx.profileinstaller:profileinstaller:1.3.0] AndroidManifest.xml:35:13-76
117            android:directBootAware="false"
117-->[androidx.profileinstaller:profileinstaller:1.3.0] AndroidManifest.xml:36:13-44
118            android:enabled="true"
118-->[androidx.profileinstaller:profileinstaller:1.3.0] AndroidManifest.xml:37:13-35
119            android:exported="true"
119-->[androidx.profileinstaller:profileinstaller:1.3.0] AndroidManifest.xml:38:13-36
120            android:permission="android.permission.DUMP" >
120-->[androidx.profileinstaller:profileinstaller:1.3.0] AndroidManifest.xml:39:13-57
121            <intent-filter>
121-->[androidx.profileinstaller:profileinstaller:1.3.0] AndroidManifest.xml:40:13-42:29
122                <action android:name="androidx.profileinstaller.action.INSTALL_PROFILE" />
122-->[androidx.profileinstaller:profileinstaller:1.3.0] AndroidManifest.xml:41:17-91
122-->[androidx.profileinstaller:profileinstaller:1.3.0] AndroidManifest.xml:41:25-88
123            </intent-filter>
124            <intent-filter>
124-->[androidx.profileinstaller:profileinstaller:1.3.0] AndroidManifest.xml:43:13-45:29
125                <action android:name="androidx.profileinstaller.action.SKIP_FILE" />
125-->[androidx.profileinstaller:profileinstaller:1.3.0] AndroidManifest.xml:44:17-85
125-->[androidx.profileinstaller:profileinstaller:1.3.0] AndroidManifest.xml:44:25-82
126            </intent-filter>
127            <intent-filter>
127-->[androidx.profileinstaller:profileinstaller:1.3.0] AndroidManifest.xml:46:13-48:29
128                <action android:name="androidx.profileinstaller.action.SAVE_PROFILE" />
128-->[androidx.profileinstaller:profileinstaller:1.3.0] AndroidManifest.xml:47:17-88
128-->[androidx.profileinstaller:profileinstaller:1.3.0] AndroidManifest.xml:47:25-85
129            </intent-filter>
130            <intent-filter>
130-->[androidx.profileinstaller:profileinstaller:1.3.0] AndroidManifest.xml:49:13-51:29
131                <action android:name="androidx.profileinstaller.action.BENCHMARK_OPERATION" />
131-->[androidx.profileinstaller:profileinstaller:1.3.0] AndroidManifest.xml:50:17-95
131-->[androidx.profileinstaller:profileinstaller:1.3.0] AndroidManifest.xml:50:25-92
132            </intent-filter>
133        </receiver>
134    </application>
135
136</manifest>